d:\dropbox\cares\연구\gc with rainforcement learning\code\js\mqsim\x64\release\vc142.pdb
d:\dropbox\cares\연구\gc with rainforcement learning\code\js\mqsim\x64\release\plane.obj
d:\dropbox\cares\연구\gc with rainforcement learning\code\js\mqsim\x64\release\physical_page_address.obj
d:\dropbox\cares\연구\gc with rainforcement learning\code\js\mqsim\x64\release\flash_chip.obj
d:\dropbox\cares\연구\gc with rainforcement learning\code\js\mqsim\x64\release\die.obj
d:\dropbox\cares\연구\gc with rainforcement learning\code\js\mqsim\x64\release\block.obj
d:\dropbox\cares\연구\gc with rainforcement learning\code\js\mqsim\x64\release\main.obj
d:\dropbox\cares\연구\gc with rainforcement learning\code\js\mqsim\x64\release\sata_hba.obj
d:\dropbox\cares\연구\gc with rainforcement learning\code\js\mqsim\x64\release\pcie_switch.obj
d:\dropbox\cares\연구\gc with rainforcement learning\code\js\mqsim\x64\release\pcie_root_complex.obj
d:\dropbox\cares\연구\gc with rainforcement learning\code\js\mqsim\x64\release\pcie_link.obj
d:\dropbox\cares\연구\gc with rainforcement learning\code\js\mqsim\x64\release\io_flow_trace_based.obj
d:\dropbox\cares\연구\gc with rainforcement learning\code\js\mqsim\x64\release\io_flow_synthetic.obj
d:\dropbox\cares\연구\gc with rainforcement learning\code\js\mqsim\x64\release\io_flow_base.obj
d:\dropbox\cares\연구\gc with rainforcement learning\code\js\mqsim\x64\release\ssd_device.obj
d:\dropbox\cares\연구\gc with rainforcement learning\code\js\mqsim\x64\release\io_flow_parameter_set.obj
d:\dropbox\cares\연구\gc with rainforcement learning\code\js\mqsim\x64\release\host_system.obj
d:\dropbox\cares\연구\gc with rainforcement learning\code\js\mqsim\x64\release\host_parameter_set.obj
d:\dropbox\cares\연구\gc with rainforcement learning\code\js\mqsim\x64\release\flash_parameter_set.obj
d:\dropbox\cares\연구\gc with rainforcement learning\code\js\mqsim\x64\release\execution_parameter_set.obj
d:\dropbox\cares\연구\gc with rainforcement learning\code\js\mqsim\x64\release\device_parameter_set.obj
d:\dropbox\cares\연구\gc with rainforcement learning\code\js\mqsim\x64\release\nvm_firmware.obj
d:\dropbox\cares\연구\gc with rainforcement learning\code\js\mqsim\x64\release\host_interface_sata.obj
d:\dropbox\cares\연구\gc with rainforcement learning\code\js\mqsim\x64\release\host_interface_nvme.obj
d:\dropbox\cares\연구\gc with rainforcement learning\code\js\mqsim\x64\release\host_interface_base.obj
d:\dropbox\cares\연구\gc with rainforcement learning\code\js\mqsim\x64\release\gc_and_wl_unit_page_level.obj
d:\dropbox\cares\연구\gc with rainforcement learning\code\js\mqsim\x64\release\gc_and_wl_unit_base.obj
d:\dropbox\cares\연구\gc with rainforcement learning\code\js\mqsim\x64\release\ftl.obj
d:\dropbox\cares\연구\gc with rainforcement learning\code\js\mqsim\x64\release\flash_transaction_queue.obj
d:\dropbox\cares\연구\gc with rainforcement learning\code\js\mqsim\x64\release\flash_block_manager_base.obj
d:\dropbox\cares\연구\gc with rainforcement learning\code\js\mqsim\x64\release\flash_block_manager.obj
d:\dropbox\cares\연구\gc with rainforcement learning\code\js\mqsim\x64\release\data_cache_manager_flash_simple.obj
d:\dropbox\cares\연구\gc with rainforcement learning\code\js\mqsim\x64\release\data_cache_manager_flash_advanced.obj
d:\dropbox\cares\연구\gc with rainforcement learning\code\js\mqsim\x64\release\data_cache_manager_base.obj
d:\dropbox\cares\연구\gc with rainforcement learning\code\js\mqsim\x64\release\data_cache_flash.obj
d:\dropbox\cares\연구\gc with rainforcement learning\code\js\mqsim\x64\release\address_mapping_unit_page_level.obj
d:\dropbox\cares\연구\gc with rainforcement learning\code\js\mqsim\x64\release\address_mapping_unit_hybrid.obj
d:\dropbox\cares\연구\gc with rainforcement learning\code\js\mqsim\x64\release\address_mapping_unit_base.obj
d:\dropbox\cares\연구\gc with rainforcement learning\code\js\mqsim\x64\release\eventtree.obj
d:\dropbox\cares\연구\gc with rainforcement learning\code\js\mqsim\x64\release\engine.obj
d:\dropbox\cares\연구\gc with rainforcement learning\code\js\mqsim\x64\release\randomgenerator.obj
d:\dropbox\cares\연구\gc with rainforcement learning\code\js\mqsim\x64\release\logical_address_partitioning_unit.obj
d:\dropbox\cares\연구\gc with rainforcement learning\code\js\mqsim\x64\release\helper_functions.obj
d:\dropbox\cares\연구\gc with rainforcement learning\code\js\mqsim\x64\release\cmrrandomgenerator.obj
d:\dropbox\cares\연구\gc with rainforcement learning\code\js\mqsim\x64\release\user_request.obj
d:\dropbox\cares\연구\gc with rainforcement learning\code\js\mqsim\x64\release\tsu_priority_outoforder.obj
d:\dropbox\cares\연구\gc with rainforcement learning\code\js\mqsim\x64\release\tsu_outoforder.obj
d:\dropbox\cares\연구\gc with rainforcement learning\code\js\mqsim\x64\release\tsu_flin.obj
d:\dropbox\cares\연구\gc with rainforcement learning\code\js\mqsim\x64\release\tsu_base.obj
d:\dropbox\cares\연구\gc with rainforcement learning\code\js\mqsim\x64\release\stats.obj
d:\dropbox\cares\연구\gc with rainforcement learning\code\js\mqsim\x64\release\queue_probe.obj
d:\dropbox\cares\연구\gc with rainforcement learning\code\js\mqsim\x64\release\onfi_channel_nvddr2.obj
d:\dropbox\cares\연구\gc with rainforcement learning\code\js\mqsim\x64\release\onfi_channel_base.obj
d:\dropbox\cares\연구\gc with rainforcement learning\code\js\mqsim\x64\release\nvm_transaction_flash_wr.obj
d:\dropbox\cares\연구\gc with rainforcement learning\code\js\mqsim\x64\release\nvm_transaction_flash_rd.obj
d:\dropbox\cares\연구\gc with rainforcement learning\code\js\mqsim\x64\release\nvm_transaction_flash_er.obj
d:\dropbox\cares\연구\gc with rainforcement learning\code\js\mqsim\x64\release\nvm_transaction_flash.obj
d:\dropbox\cares\연구\gc with rainforcement learning\code\js\mqsim\x64\release\nvm_phy_onfi_nvddr2.obj
d:\dropbox\cares\연구\gc with rainforcement learning\code\js\mqsim\x64\release\nvm_phy_onfi.obj
d:\dropbox\cares\연구\gc with rainforcement learning\code\js\mqsim\x64\release\nvm_phy_base.obj
d:\dropbox\cares\연구\gc with rainforcement learning\code\js\mqsim\x64\release\xmlwriter.obj
d:\dropbox\cares\연구\gc with rainforcement learning\code\js\mqsim\x64\release\stringtools.obj
d:\dropbox\cares\연구\gc with rainforcement learning\code\js\mqsim\x64\release\mqsim.tlog\cl.command.1.tlog
d:\dropbox\cares\연구\gc with rainforcement learning\code\js\mqsim\x64\release\mqsim.tlog\cl.read.1.tlog
d:\dropbox\cares\연구\gc with rainforcement learning\code\js\mqsim\x64\release\mqsim.tlog\cl.write.1.tlog
