  RL.cpp
D:\(sarsa_queue_time수정) MQSim-Practical-ERS-SUS-master_0216\RL.h(4,10): fatal error C1083: 포함 파일을 열 수 없습니다. 'torch/script.h': No such file or directory
  Device_Parameter_Set.cpp
D:\(sarsa_queue_time수정) MQSim-Practical-ERS-SUS-master_0216\src\ssd\SSD_Defs.h(8,10): fatal error C1083: 포함 파일을 열 수 없습니다. 'torch/script.h': No such file or directory
  Execution_Parameter_Set.cpp
D:\(sarsa_queue_time수정) MQSim-Practical-ERS-SUS-master_0216\src\ssd\SSD_Defs.h(8,10): fatal error C1083: 포함 파일을 열 수 없습니다. 'torch/script.h': No such file or directory
  Flash_Parameter_Set.cpp
  Host_Parameter_Set.cpp
D:\(sarsa_queue_time수정) MQSim-Practical-ERS-SUS-master_0216\src\ssd\SSD_Defs.h(8,10): fatal error C1083: 포함 파일을 열 수 없습니다. 'torch/script.h': No such file or directory
  Host_System.cpp
D:\(sarsa_queue_time수정) MQSim-Practical-ERS-SUS-master_0216\src\ssd\SSD_Defs.h(8,10): fatal error C1083: 포함 파일을 열 수 없습니다. 'torch/script.h': No such file or directory
  IO_Flow_Parameter_Set.cpp
D:\(sarsa_queue_time수정) MQSim-Practical-ERS-SUS-master_0216\src\ssd\SSD_Defs.h(8,10): fatal error C1083: 포함 파일을 열 수 없습니다. 'torch/script.h': No such file or directory
  SSD_Device.cpp
D:\(sarsa_queue_time수정) MQSim-Practical-ERS-SUS-master_0216\src\ssd\SSD_Defs.h(8,10): fatal error C1083: 포함 파일을 열 수 없습니다. 'torch/script.h': No such file or directory
  IO_Flow_Base.cpp
D:\(sarsa_queue_time수정) MQSim-Practical-ERS-SUS-master_0216\src\ssd\SSD_Defs.h(8,10): fatal error C1083: 포함 파일을 열 수 없습니다. 'torch/script.h': No such file or directory
  IO_Flow_Synthetic.cpp
D:\(sarsa_queue_time수정) MQSim-Practical-ERS-SUS-master_0216\src\ssd\SSD_Defs.h(8,10): fatal error C1083: 포함 파일을 열 수 없습니다. 'torch/script.h': No such file or directory
  IO_Flow_Trace_Based.cpp
D:\(sarsa_queue_time수정) MQSim-Practical-ERS-SUS-master_0216\src\ssd\SSD_Defs.h(8,10): fatal error C1083: 포함 파일을 열 수 없습니다. 'torch/script.h': No such file or directory
  PCIe_Link.cpp
D:\(sarsa_queue_time수정) MQSim-Practical-ERS-SUS-master_0216\src\ssd\SSD_Defs.h(8,10): fatal error C1083: 포함 파일을 열 수 없습니다. 'torch/script.h': No such file or directory
  PCIe_Root_Complex.cpp
D:\(sarsa_queue_time수정) MQSim-Practical-ERS-SUS-master_0216\src\ssd\SSD_Defs.h(8,10): fatal error C1083: 포함 파일을 열 수 없습니다. 'torch/script.h': No such file or directory
  PCIe_Switch.cpp
D:\(sarsa_queue_time수정) MQSim-Practical-ERS-SUS-master_0216\src\ssd\SSD_Defs.h(8,10): fatal error C1083: 포함 파일을 열 수 없습니다. 'torch/script.h': No such file or directory
  SATA_HBA.cpp
D:\(sarsa_queue_time수정) MQSim-Practical-ERS-SUS-master_0216\src\ssd\SSD_Defs.h(8,10): fatal error C1083: 포함 파일을 열 수 없습니다. 'torch/script.h': No such file or directory
  main.cpp
D:\(sarsa_queue_time수정) MQSim-Practical-ERS-SUS-master_0216\src\ssd\SSD_Defs.h(8,10): fatal error C1083: 포함 파일을 열 수 없습니다. 'torch/script.h': No such file or directory
  Block.cpp
  Engine.cpp
D:\(sarsa_queue_time수정) MQSim-Practical-ERS-SUS-master_0216\src\ssd\SSD_Defs.h(8,10): fatal error C1083: 포함 파일을 열 수 없습니다. 'torch/script.h': No such file or directory
  EventTree.cpp
  Address_Mapping_Unit_Base.cpp
D:\(sarsa_queue_time수정) MQSim-Practical-ERS-SUS-master_0216\src\ssd\SSD_Defs.h(8,10): fatal error C1083: 포함 파일을 열 수 없습니다. 'torch/script.h': No such file or directory
  코드를 생성하고 있습니다...
  컴파일하고 있습니다...
  Address_Mapping_Unit_Hybrid.cpp
D:\(sarsa_queue_time수정) MQSim-Practical-ERS-SUS-master_0216\src\ssd\SSD_Defs.h(8,10): fatal error C1083: 포함 파일을 열 수 없습니다. 'torch/script.h': No such file or directory
  Address_Mapping_Unit_Page_Level.cpp
D:\(sarsa_queue_time수정) MQSim-Practical-ERS-SUS-master_0216\src\ssd\SSD_Defs.h(8,10): fatal error C1083: 포함 파일을 열 수 없습니다. 'torch/script.h': No such file or directory
  Controller.cpp
  Data_Cache_Flash.cpp
D:\(sarsa_queue_time수정) MQSim-Practical-ERS-SUS-master_0216\src\ssd\SSD_Defs.h(8,10): fatal error C1083: 포함 파일을 열 수 없습니다. 'torch/script.h': No such file or directory
  Data_Cache_Manager_Base.cpp
D:\(sarsa_queue_time수정) MQSim-Practical-ERS-SUS-master_0216\src\ssd\SSD_Defs.h(8,10): fatal error C1083: 포함 파일을 열 수 없습니다. 'torch/script.h': No such file or directory
  Data_Cache_Manager_Flash_Advanced.cpp
D:\(sarsa_queue_time수정) MQSim-Practical-ERS-SUS-master_0216\src\ssd\SSD_Defs.h(8,10): fatal error C1083: 포함 파일을 열 수 없습니다. 'torch/script.h': No such file or directory
  Data_Cache_Manager_Flash_Simple.cpp
D:\(sarsa_queue_time수정) MQSim-Practical-ERS-SUS-master_0216\src\ssd\SSD_Defs.h(8,10): fatal error C1083: 포함 파일을 열 수 없습니다. 'torch/script.h': No such file or directory
  Flash_Block_Manager.cpp
D:\(sarsa_queue_time수정) MQSim-Practical-ERS-SUS-master_0216\src\ssd\SSD_Defs.h(8,10): fatal error C1083: 포함 파일을 열 수 없습니다. 'torch/script.h': No such file or directory
  Flash_Block_Manager_Base.cpp
D:\(sarsa_queue_time수정) MQSim-Practical-ERS-SUS-master_0216\src\ssd\SSD_Defs.h(8,10): fatal error C1083: 포함 파일을 열 수 없습니다. 'torch/script.h': No such file or directory
  Flash_Transaction_Queue.cpp
D:\(sarsa_queue_time수정) MQSim-Practical-ERS-SUS-master_0216\src\ssd\SSD_Defs.h(8,10): fatal error C1083: 포함 파일을 열 수 없습니다. 'torch/script.h': No such file or directory
  FTL.cpp
D:\(sarsa_queue_time수정) MQSim-Practical-ERS-SUS-master_0216\src\ssd\SSD_Defs.h(8,10): fatal error C1083: 포함 파일을 열 수 없습니다. 'torch/script.h': No such file or directory
  GC_and_WL_Unit_Base.cpp
D:\(sarsa_queue_time수정) MQSim-Practical-ERS-SUS-master_0216\src\ssd\SSD_Defs.h(8,10): fatal error C1083: 포함 파일을 열 수 없습니다. 'torch/script.h': No such file or directory
  GC_and_WL_Unit_Page_Level.cpp
D:\(sarsa_queue_time수정) MQSim-Practical-ERS-SUS-master_0216\src\ssd\SSD_Defs.h(8,10): fatal error C1083: 포함 파일을 열 수 없습니다. 'torch/script.h': No such file or directory
  Host_Interface_Base.cpp
D:\(sarsa_queue_time수정) MQSim-Practical-ERS-SUS-master_0216\src\ssd\SSD_Defs.h(8,10): fatal error C1083: 포함 파일을 열 수 없습니다. 'torch/script.h': No such file or directory
  Host_Interface_NVMe.cpp
D:\(sarsa_queue_time수정) MQSim-Practical-ERS-SUS-master_0216\src\ssd\SSD_Defs.h(8,10): fatal error C1083: 포함 파일을 열 수 없습니다. 'torch/script.h': No such file or directory
  Host_Interface_SATA.cpp
D:\(sarsa_queue_time수정) MQSim-Practical-ERS-SUS-master_0216\src\ssd\SSD_Defs.h(8,10): fatal error C1083: 포함 파일을 열 수 없습니다. 'torch/script.h': No such file or directory
  NVM_Firmware.cpp
D:\(sarsa_queue_time수정) MQSim-Practical-ERS-SUS-master_0216\src\ssd\SSD_Defs.h(8,10): fatal error C1083: 포함 파일을 열 수 없습니다. 'torch/script.h': No such file or directory
  NVM_PHY_Base.cpp
  NVM_PHY_ONFI.cpp
D:\(sarsa_queue_time수정) MQSim-Practical-ERS-SUS-master_0216\src\ssd\SSD_Defs.h(8,10): fatal error C1083: 포함 파일을 열 수 없습니다. 'torch/script.h': No such file or directory
  NVM_PHY_ONFI_NVDDR2.cpp
D:\(sarsa_queue_time수정) MQSim-Practical-ERS-SUS-master_0216\src\ssd\SSD_Defs.h(8,10): fatal error C1083: 포함 파일을 열 수 없습니다. 'torch/script.h': No such file or directory
  코드를 생성하고 있습니다...
  컴파일하고 있습니다...
  NVM_Transaction_Flash.cpp
D:\(sarsa_queue_time수정) MQSim-Practical-ERS-SUS-master_0216\src\ssd\SSD_Defs.h(8,10): fatal error C1083: 포함 파일을 열 수 없습니다. 'torch/script.h': No such file or directory
  NVM_Transaction_Flash_ER.cpp
D:\(sarsa_queue_time수정) MQSim-Practical-ERS-SUS-master_0216\src\ssd\SSD_Defs.h(8,10): fatal error C1083: 포함 파일을 열 수 없습니다. 'torch/script.h': No such file or directory
  NVM_Transaction_Flash_RD.cpp
D:\(sarsa_queue_time수정) MQSim-Practical-ERS-SUS-master_0216\src\ssd\SSD_Defs.h(8,10): fatal error C1083: 포함 파일을 열 수 없습니다. 'torch/script.h': No such file or directory
  NVM_Transaction_Flash_WR.cpp
D:\(sarsa_queue_time수정) MQSim-Practical-ERS-SUS-master_0216\src\ssd\SSD_Defs.h(8,10): fatal error C1083: 포함 파일을 열 수 없습니다. 'torch/script.h': No such file or directory
  Queue_Probe.cpp
D:\(sarsa_queue_time수정) MQSim-Practical-ERS-SUS-master_0216\src\ssd\SSD_Defs.h(8,10): fatal error C1083: 포함 파일을 열 수 없습니다. 'torch/script.h': No such file or directory
  Stats.cpp
D:\(sarsa_queue_time수정) MQSim-Practical-ERS-SUS-master_0216\src\ssd\SSD_Defs.h(8,10): fatal error C1083: 포함 파일을 열 수 없습니다. 'torch/script.h': No such file or directory
  TSU_Base.cpp
D:\(sarsa_queue_time수정) MQSim-Practical-ERS-SUS-master_0216\src\ssd\SSD_Defs.h(8,10): fatal error C1083: 포함 파일을 열 수 없습니다. 'torch/script.h': No such file or directory
  TSU_FLIN.cpp
  TSU_OutofOrder.cpp
D:\(sarsa_queue_time수정) MQSim-Practical-ERS-SUS-master_0216\src\ssd\SSD_Defs.h(8,10): fatal error C1083: 포함 파일을 열 수 없습니다. 'torch/script.h': No such file or directory
  User_Request.cpp
D:\(sarsa_queue_time수정) MQSim-Practical-ERS-SUS-master_0216\src\ssd\SSD_Defs.h(8,10): fatal error C1083: 포함 파일을 열 수 없습니다. 'torch/script.h': No such file or directory
  CMRRandomGenerator.cpp
  Logical_Address_Partitioning_Unit.cpp
D:\(sarsa_queue_time수정) MQSim-Practical-ERS-SUS-master_0216\src\ssd\SSD_Defs.h(8,10): fatal error C1083: 포함 파일을 열 수 없습니다. 'torch/script.h': No such file or directory
  RandomGenerator.cpp
  XMLWriter.cpp
  코드를 생성하고 있습니다...
