938513000 4 264719034 16 0
938828000 3 197570570 16 0
938944000 13 93230992 32 0
939010000 5 230420970 16 0
939044000 6 238240490 16 0
939089000 3 92984127 16 0
939285000 5 94897103 16 0
939292000 5 214698826 16 0
939592000 0 225020272 16 0
939685000 10 358335802 16 0
939721000 1 223416778 16 0
939803000 4 45810543 16 0
939855000 13 213913104 16 0
939884000 4 364635306 16 0
939895000 9 268876858 16 0
939909000 9 205113402 16 0
939985000 3 297563626 16 0
940052000 10 173797738 16 0
940088000 6 92497087 16 0
940121000 6 201387082 16 0
940131000 9 251306650 16 0
940266000 3 94383711 16 0
940492000 7 186037898 16 0
940500000 7 210885482 16 0
940523000 11 186025642 16 0
940824000 2 288524058 16 0
940833000 8 454514030 120 0
940888000 7 193987434 16 0
940888000 14 256024794 16 0
940900000 7 221502874 32 0
940908000 14 321930954 16 1
940970000 8 454514150 15 0
941044000 13 305785200 16 1
941111000 3 364675738 16 0
941146000 1 189980650 16 0
941204000 9 161821722 16 0
941267000 14 93571167 16 0
941320000 2 168320954 16 0
941495000 13 247725136 16 0
941559000 0 370749056 16 1
941564000 8 454514193 3 0
941594000 8 454514165 28 0
941613000 0 181679344 16 1
941623000 15 163302026 16 0
941716000 12 231150698 16 0
941727000 14 299776330 16 1
941731000 6 279625210 16 0
941764000 5 209141194 16 0
941783000 14 209176074 16 1
941784000 13 213437488 16 0